::1 - - [07/Oct/2022:17:39:24 +0300] "GET /index.php HTTP/1.1" 200 77798
::1 - - [07/Oct/2022:17:40:24 +0300] "-" 408 -
::1 - - [07/Oct/2022:18:04:29 +0300] "GET /index.php HTTP/1.1" 200 76300
::1 - - [07/Oct/2022:18:05:29 +0300] "-" 408 -
::1 - - [07/Oct/2022:18:16:58 +0300] "GET / HTTP/1.1" 200 411
::1 - - [07/Oct/2022:18:17:19 +0300] "POST /display.php HTTP/1.1" 200 55
::1 - - [07/Oct/2022:18:18:19 +0300] "-" 408 -
::1 - - [09/Oct/2022:21:29:03 +0300] "GET /favicon.ico HTTP/1.1" 404 196
::1 - - [09/Oct/2022:21:29:58 +0300] "-" 408 -
::1 - - [12/Oct/2022:15:15:38 +0300] "GET /index.html HTTP/1.1" 200 411
::1 - - [12/Oct/2022:15:15:39 +0300] "GET /favicon.ico HTTP/1.1" 404 196
::1 - - [12/Oct/2022:15:15:44 +0300] "POST /display.php HTTP/1.1" 200 55
::1 - - [12/Oct/2022:15:16:38 +0300] "-" 408 -
::1 - - [12/Oct/2022:15:37:43 +0300] "GET /index.php HTTP/1.1" 200 253
::1 - - [12/Oct/2022:15:37:43 +0300] "GET /favicon.ico HTTP/1.1" 404 196
::1 - - [12/Oct/2022:15:38:44 +0300] "-" 408 -
::1 - - [12/Oct/2022:15:44:10 +0300] "GET /index.html HTTP/1.1" 200 305
::1 - - [12/Oct/2022:15:44:12 +0300] "GET /favicon.ico HTTP/1.1" 404 196
::1 - - [12/Oct/2022:15:44:42 +0300] "GET /index.html HTTP/1.1" 304 -
::1 - - [12/Oct/2022:15:44:46 +0300] "GET /index.html HTTP/1.1" 304 -
::1 - - [12/Oct/2022:15:44:53 +0300] "GET /index.html HTTP/1.1" 304 -
::1 - - [12/Oct/2022:15:45:53 +0300] "-" 408 -
::1 - - [12/Oct/2022:15:48:45 +0300] "GET /index.html HTTP/1.1" 304 -
::1 - - [12/Oct/2022:15:49:45 +0300] "-" 408 -
::1 - - [12/Oct/2022:15:50:07 +0300] "GET /index.html HTTP/1.1" 304 -
::1 - - [12/Oct/2022:15:50:44 +0300] "GET /index.php HTTP/1.1" 200 253
::1 - - [12/Oct/2022:15:51:44 +0300] "-" 408 -
::1 - - [12/Oct/2022:15:52:38 +0300] "GET /index.php HTTP/1.1" 200 253
::1 - - [12/Oct/2022:15:52:45 +0300] "GET /index.php HTTP/1.1" 200 253
::1 - - [12/Oct/2022:15:53:35 +0300] "GET /index.php HTTP/1.1" 200 151
::1 - - [13/Oct/2022:01:50:54 +0300] "GET //React+Node/Babel.js HTTP/1.1" 200 1358
::1 - - [13/Oct/2022:01:51:54 +0300] "-" 408 -
::1 - - [13/Oct/2022:02:12:03 +0300] "GET /index.html HTTP/1.1" 200 305
::1 - - [13/Oct/2022:02:12:41 +0300] "GET /index.html HTTP/1.1" 200 152
::1 - - [13/Oct/2022:02:12:44 +0300] "GET /index.html HTTP/1.1" 304 -
::1 - - [13/Oct/2022:02:13:41 +0300] "-" 408 -
::1 - - [13/Oct/2022:02:15:39 +0300] "GET /index.html HTTP/1.1" 200 203
::1 - - [13/Oct/2022:02:16:07 +0300] "GET /index.html HTTP/1.1" 304 -
::1 - - [13/Oct/2022:02:17:07 +0300] "-" 408 -
::1 - - [13/Oct/2022:02:21:16 +0300] "GET /index.html HTTP/1.1" 200 209
::1 - - [13/Oct/2022:02:21:16 +0300] "GET /js/index.js HTTP/1.1" 404 196
::1 - - [13/Oct/2022:02:21:39 +0300] "GET /index.html HTTP/1.1" 200 220
::1 - - [13/Oct/2022:02:21:39 +0300] "GET /js/React+Node.index.js HTTP/1.1" 404 196
::1 - - [13/Oct/2022:02:22:39 +0300] "-" 408 -
::1 - - [13/Oct/2022:02:22:54 +0300] "GET /index.html HTTP/1.1" 200 220
::1 - - [13/Oct/2022:02:22:54 +0300] "GET /js/React+Node/index.js HTTP/1.1" 404 196
::1 - - [13/Oct/2022:02:23:38 +0300] "GET /index.html HTTP/1.1" 200 209
::1 - - [13/Oct/2022:02:23:38 +0300] "GET /js/index.js HTTP/1.1" 404 196
::1 - - [13/Oct/2022:02:23:45 +0300] "GET /index.html HTTP/1.1" 200 209
::1 - - [13/Oct/2022:02:23:45 +0300] "GET /js/index.js HTTP/1.1" 404 196
::1 - - [13/Oct/2022:02:24:10 +0300] "GET /index.html HTTP/1.1" 200 209
::1 - - [13/Oct/2022:02:24:10 +0300] "GET /js/index.js HTTP/1.1" 404 196
::1 - - [13/Oct/2022:02:24:50 +0300] "GET /index.html HTTP/1.1" 200 266
::1 - - [13/Oct/2022:02:25:06 +0300] "GET /index.html HTTP/1.1" 304 -
::1 - - [13/Oct/2022:02:26:06 +0300] "-" 408 -
::1 - - [13/Oct/2022:02:26:34 +0300] "GET /index.html HTTP/1.1" 404 196
::1 - - [13/Oct/2022:02:26:51 +0300] "GET /index.html HTTP/1.1" 404 196
::1 - - [13/Oct/2022:02:27:13 +0300] "GET /index.html HTTP/1.1" 404 196
::1 - - [13/Oct/2022:02:27:14 +0300] "GET /index.html HTTP/1.1" 404 196
::1 - - [13/Oct/2022:02:28:13 +0300] "-" 408 -
::1 - - [13/Oct/2022:02:29:09 +0300] "GET /index.html HTTP/1.1" 404 196
::1 - - [13/Oct/2022:02:29:10 +0300] "GET /index.html HTTP/1.1" 404 196
::1 - - [13/Oct/2022:02:30:09 +0300] "-" 408 -
::1 - - [13/Oct/2022:02:51:05 +0300] "GET /index.html HTTP/1.1" 404 196
::1 - - [13/Oct/2022:02:51:49 +0300] "GET /index.html HTTP/1.1" 200 311
::1 - - [13/Oct/2022:02:51:49 +0300] "GET /js/index.js HTTP/1.1" 404 196
::1 - - [13/Oct/2022:02:52:08 +0300] "GET /index.html HTTP/1.1" 304 -
::1 - - [13/Oct/2022:02:52:08 +0300] "GET /js/index.js HTTP/1.1" 404 196
::1 - - [13/Oct/2022:02:52:47 +0300] "GET /index.html HTTP/1.1" 200 332
::1 - - [13/Oct/2022:02:52:48 +0300] "GET /js/index.js HTTP/1.1" 404 196
::1 - - [13/Oct/2022:02:53:38 +0300] "GET /index.html HTTP/1.1" 304 -
::1 - - [13/Oct/2022:02:53:38 +0300] "GET /js/index.js HTTP/1.1" 404 196
::1 - - [13/Oct/2022:02:54:38 +0300] "-" 408 -
::1 - - [13/Oct/2022:02:54:42 +0300] "GET /index.html HTTP/1.1" 304 -
::1 - - [13/Oct/2022:02:54:43 +0300] "GET /js/index.js HTTP/1.1" 200 48
::1 - - [13/Oct/2022:02:55:42 +0300] "-" 408 -
::1 - - [13/Oct/2022:02:59:16 +0300] "GET /index.html HTTP/1.1" 200 382
::1 - - [13/Oct/2022:03:00:16 +0300] "-" 408 -
::1 - - [13/Oct/2022:03:00:29 +0300] "GET /index.html HTTP/1.1" 200 386
::1 - - [13/Oct/2022:03:01:29 +0300] "-" 408 -
::1 - - [13/Oct/2022:03:06:01 +0300] "GET /index.html HTTP/1.1" 200 352
::1 - - [13/Oct/2022:03:06:01 +0300] "GET /React+Node/Babel.js HTTP/1.1" 200 1358
::1 - - [13/Oct/2022:03:07:01 +0300] "-" 408 -
::1 - - [13/Oct/2022:03:07:16 +0300] "GET /index.html HTTP/1.1" 304 -
::1 - - [13/Oct/2022:03:08:16 +0300] "-" 408 -
::1 - - [24/Oct/2022:15:55:52 +0300] "GET /favicon.ico HTTP/1.1" 404 196
::1 - - [24/Oct/2022:15:56:00 +0300] "GET /index.php HTTP/1.1" 200 253
::1 - - [24/Oct/2022:15:57:00 +0300] "-" 408 -
::1 - - [24/Oct/2022:16:52:12 +0300] "GET /favicon.ico HTTP/1.1" 404 196
::1 - - [29/Oct/2022:00:30:29 +0300] "GET /favicon.ico HTTP/1.1" 404 196
::1 - - [29/Oct/2022:00:31:02 +0300] "-" 408 -
::1 - - [28/Dec/2022:01:21:39 +0300] "GET /favicon.ico HTTP/1.1" 404 196
::1 - - [27/Feb/2023:03:19:19 +0300] "GET /index.html HTTP/1.1" 200 364
::1 - - [27/Feb/2023:03:19:22 +0300] "GET /favicon.ico HTTP/1.1" 404 196
::1 - - [27/Feb/2023:03:19:46 +0300] "GET /index.html HTTP/1.1" 200 358
::1 - - [27/Feb/2023:03:19:46 +0300] "GET /React+Node/Babel.js HTTP/1.1" 200 1358
::1 - - [27/Feb/2023:03:19:51 +0300] "GET /index.html HTTP/1.1" 304 -
::1 - - [27/Feb/2023:03:20:24 +0300] "GET /index.html HTTP/1.1" 304 -
::1 - - [27/Feb/2023:03:21:02 +0300] "GET /index.html HTTP/1.1" 200 364
::1 - - [27/Feb/2023:03:22:02 +0300] "-" 408 -
::1 - - [27/Feb/2023:03:23:48 +0300] "GET //js/index.js HTTP/1.1" 200 48
::1 - - [27/Feb/2023:03:24:48 +0300] "-" 408 -
::1 - - [27/Feb/2023:03:30:27 +0300] "GET /display.php HTTP/1.1" 200 20
::1 - - [27/Feb/2023:03:31:27 +0300] "-" 408 -
::1 - - [27/Feb/2023:03:31:42 +0300] "GET /index.html HTTP/1.1" 200 189
::1 - - [27/Feb/2023:03:32:18 +0300] "GET /index.html HTTP/1.1" 200 189
::1 - - [27/Feb/2023:03:33:18 +0300] "-" 408 -
::1 - - [27/Feb/2023:03:33:21 +0300] "GET /index.html HTTP/1.1" 200 305
::1 - - [27/Feb/2023:03:33:47 +0300] "GET /display.php HTTP/1.1" 200 253
::1 - - [27/Feb/2023:03:34:47 +0300] "-" 408 -
::1 - - [27/Feb/2023:03:34:55 +0300] "GET /display.php HTTP/1.1" 200 188
::1 - - [27/Feb/2023:03:35:55 +0300] "-" 408 -
::1 - - [27/Feb/2023:15:22:37 +0300] "GET /display.php HTTP/1.1" 200 128
::1 - - [27/Feb/2023:15:22:38 +0300] "GET /favicon.ico HTTP/1.1" 404 196
::1 - - [27/Feb/2023:15:23:11 +0300] "GET /display.php HTTP/1.1" 200 251
::1 - - [27/Feb/2023:15:24:11 +0300] "-" 408 -
::1 - - [27/Feb/2023:15:24:12 +0300] "GET /display.php HTTP/1.1" 200 146
::1 - - [27/Feb/2023:15:25:05 +0300] "GET /display.php HTTP/1.1" 200 183
::1 - - [27/Feb/2023:15:25:43 +0300] "GET /display.php HTTP/1.1" 200 126
::1 - - [27/Feb/2023:15:25:51 +0300] "GET /display.php HTTP/1.1" 200 126
::1 - - [27/Feb/2023:15:26:51 +0300] "-" 408 -
::1 - - [27/Feb/2023:15:27:00 +0300] "GET /display.php HTTP/1.1" 200 225
::1 - - [27/Feb/2023:15:28:00 +0300] "-" 408 -
::1 - - [27/Feb/2023:15:29:00 +0300] "GET /display.php HTTP/1.1" 200 181
::1 - - [27/Feb/2023:15:30:00 +0300] "-" 408 -
::1 - - [27/Feb/2023:15:30:18 +0300] "GET /display.php HTTP/1.1" 200 129
::1 - - [27/Feb/2023:15:31:18 +0300] "-" 408 -
::1 - - [27/Feb/2023:15:33:01 +0300] "GET /display.php HTTP/1.1" 200 1118
::1 - - [27/Feb/2023:15:33:09 +0300] "GET /display.php HTTP/1.1" 200 1118
::1 - - [27/Feb/2023:15:34:09 +0300] "-" 408 -
::1 - - [27/Feb/2023:15:36:47 +0300] "GET /display.php HTTP/1.1" 200 1118
::1 - - [27/Feb/2023:15:37:47 +0300] "-" 408 -
::1 - - [27/Feb/2023:15:41:06 +0300] "GET /user.php?name=Tom&age=36http://localhost/user.php?name=Tom&age=36 HTTP/1.1" 200 35
::1 - - [27/Feb/2023:15:42:06 +0300] "-" 408 -
::1 - - [27/Feb/2023:15:45:26 +0300] "GET /form.php HTTP/1.1" 200 423
::1 - - [27/Feb/2023:15:45:38 +0300] "POST /user.php HTTP/1.1" 200 36
::1 - - [27/Feb/2023:15:46:38 +0300] "-" 408 -
::1 - - [27/Feb/2023:15:54:18 +0300] "GET /user.php HTTP/1.1" 200 31
::1 - - [27/Feb/2023:15:55:18 +0300] "-" 408 -
::1 - - [27/Feb/2023:15:59:09 +0300] "GET /user.php HTTP/1.1" 200 639
::1 - - [27/Feb/2023:16:00:05 +0300] "GET /user.php HTTP/1.1" 200 639
::1 - - [27/Feb/2023:16:01:05 +0300] "-" 408 -
::1 - - [27/Feb/2023:16:01:37 +0300] "GET /user.php HTTP/1.1" 200 -
::1 - - [27/Feb/2023:16:02:37 +0300] "-" 408 -
::1 - - [27/Feb/2023:16:03:40 +0300] "GET /user.php HTTP/1.1" 200 21
::1 - - [27/Feb/2023:16:04:40 +0300] "-" 408 -
::1 - - [27/Feb/2023:16:07:10 +0300] "GET /user.php HTTP/1.1" 200 2
::1 - - [27/Feb/2023:16:07:23 +0300] "GET /user.php HTTP/1.1" 200 2
::1 - - [27/Feb/2023:16:08:20 +0300] "-" 408 -
::1 - - [28/Feb/2023:02:51:25 +0300] "GET /user.php HTTP/1.1" 200 42
::1 - - [28/Feb/2023:03:12:52 +0300] "GET /user.php HTTP/1.1" 200 42
::1 - - [28/Feb/2023:03:13:34 +0300] "GET /user.php HTTP/1.1" 200 42
::1 - - [28/Feb/2023:03:24:20 +0300] "GET /user.php HTTP/1.1" 200 42
::1 - - [28/Feb/2023:03:24:21 +0300] "GET /user.php HTTP/1.1" 200 42
::1 - - [28/Feb/2023:03:24:54 +0300] "GET /user.php HTTP/1.1" 200 42
::1 - - [28/Feb/2023:03:24:57 +0300] "GET /user.php HTTP/1.1" 200 42
::1 - - [28/Feb/2023:03:32:32 +0300] "GET /user.php HTTP/1.1" 200 42
::1 - - [28/Feb/2023:03:45:49 +0300] "GET /user.php HTTP/1.1" 200 231
::1 - - [28/Feb/2023:03:46:49 +0300] "-" 408 -
::1 - - [28/Feb/2023:14:32:40 +0300] "GET /favicon.ico HTTP/1.1" 404 196
::1 - - [28/Feb/2023:14:33:39 +0300] "-" 408 -
::1 - - [28/Feb/2023:15:40:17 +0300] "GET /user.php HTTP/1.1" 200 76625
::1 - - [28/Feb/2023:15:41:18 +0300] "-" 408 -
::1 - - [28/Feb/2023:16:45:03 +0300] "GET /user.php HTTP/1.1" 200 240
::1 - - [28/Feb/2023:16:47:25 +0300] "GET /user.php HTTP/1.1" 200 40
::1 - - [28/Feb/2023:16:55:40 +0300] "GET /user.php HTTP/1.1" 200 40
::1 - - [28/Feb/2023:16:55:42 +0300] "GET /user.php HTTP/1.1" 200 40
::1 - - [28/Feb/2023:16:57:48 +0300] "GET /user.php HTTP/1.1" 200 40
::1 - - [28/Feb/2023:17:13:21 +0300] "GET /user.php HTTP/1.1" 200 231
::1 - - [02/Mar/2023:16:15:40 +0300] "GET /favicon.ico HTTP/1.1" 404 196
::1 - - [02/Mar/2023:16:16:35 +0300] "-" 408 -
::1 - - [02/Mar/2023:16:22:02 +0300] "GET /user.php HTTP/1.1" 200 40
::1 - - [02/Mar/2023:16:23:02 +0300] "-" 408 -
::1 - - [02/Mar/2023:16:23:09 +0300] "GET /user.php HTTP/1.1" 200 40
::1 - - [02/Mar/2023:16:23:11 +0300] "GET /user.php HTTP/1.1" 200 40
::1 - - [02/Mar/2023:16:23:38 +0300] "GET /user.php HTTP/1.1" 200 40
::1 - - [02/Mar/2023:16:24:38 +0300] "-" 408 -
::1 - - [02/Mar/2023:16:25:42 +0300] "GET /user.php HTTP/1.1" 200 240
::1 - - [02/Mar/2023:16:26:42 +0300] "-" 408 -
::1 - - [02/Mar/2023:16:27:26 +0300] "GET /user.php HTTP/1.1" 200 40
::1 - - [02/Mar/2023:16:28:26 +0300] "-" 408 -
::1 - - [02/Mar/2023:16:39:23 +0300] "GET /user.php HTTP/1.1" 200 40
::1 - - [02/Mar/2023:16:39:47 +0300] "GET /user.php HTTP/1.1" 200 280
::1 - - [02/Mar/2023:16:40:47 +0300] "-" 408 -
::1 - - [02/Mar/2023:16:43:27 +0300] "GET /user.php HTTP/1.1" 200 280
::1 - - [02/Mar/2023:16:43:28 +0300] "GET /user.php HTTP/1.1" 200 280
::1 - - [02/Mar/2023:16:44:27 +0300] "-" 408 -
::1 - - [02/Mar/2023:16:45:27 +0300] "GET /user.php HTTP/1.1" 200 280
::1 - - [02/Mar/2023:16:46:27 +0300] "-" 408 -
::1 - - [02/Mar/2023:16:50:33 +0300] "GET /user.php HTTP/1.1" 200 280
::1 - - [02/Mar/2023:16:51:33 +0300] "-" 408 -
::1 - - [02/Mar/2023:16:51:42 +0300] "GET /user.php HTTP/1.1" 200 261
::1 - - [02/Mar/2023:16:52:42 +0300] "-" 408 -
::1 - - [02/Mar/2023:17:01:31 +0300] "GET /user.php HTTP/1.1" 200 261
::1 - - [02/Mar/2023:17:01:33 +0300] "GET /user.php HTTP/1.1" 200 261
::1 - - [02/Mar/2023:17:02:31 +0300] "-" 408 -
::1 - - [02/Mar/2023:17:05:17 +0300] "GET /user.php HTTP/1.1" 200 261
::1 - - [02/Mar/2023:17:05:18 +0300] "GET /user.php HTTP/1.1" 200 261
::1 - - [02/Mar/2023:17:05:55 +0300] "GET /user.php HTTP/1.1" 200 262
::1 - - [02/Mar/2023:17:06:25 +0300] "GET /user.php HTTP/1.1" 200 173
::1 - - [02/Mar/2023:17:06:42 +0300] "GET /user.php HTTP/1.1" 200 173
::1 - - [02/Mar/2023:17:06:43 +0300] "GET /user.php HTTP/1.1" 200 173
::1 - - [02/Mar/2023:17:07:06 +0300] "GET /user.php HTTP/1.1" 200 150
::1 - - [02/Mar/2023:17:07:39 +0300] "GET /user.php HTTP/1.1" 200 262
::1 - - [02/Mar/2023:17:08:11 +0300] "GET /user.php HTTP/1.1" 200 206
::1 - - [02/Mar/2023:17:08:55 +0300] "GET /user.php HTTP/1.1" 200 206
::1 - - [02/Mar/2023:17:08:56 +0300] "GET /user.php HTTP/1.1" 200 206
::1 - - [02/Mar/2023:17:09:12 +0300] "GET /user.php HTTP/1.1" 200 262
::1 - - [02/Mar/2023:17:10:12 +0300] "-" 408 -
::1 - - [02/Mar/2023:17:12:43 +0300] "GET /user.php HTTP/1.1" 200 262
::1 - - [02/Mar/2023:17:12:58 +0300] "GET /user.php HTTP/1.1" 200 262
::1 - - [02/Mar/2023:17:14:11 +0300] "GET /user.php HTTP/1.1" 200 262
::1 - - [02/Mar/2023:17:14:13 +0300] "GET /user.php HTTP/1.1" 200 262
::1 - - [02/Mar/2023:17:14:32 +0300] "GET /user.php HTTP/1.1" 200 262
::1 - - [02/Mar/2023:17:15:26 +0300] "GET /user.php HTTP/1.1" 200 262
::1 - - [02/Mar/2023:17:15:27 +0300] "GET /user.php HTTP/1.1" 200 262
::1 - - [02/Mar/2023:17:16:14 +0300] "GET /user.php HTTP/1.1" 200 262
::1 - - [02/Mar/2023:17:16:21 +0300] "GET /user.php HTTP/1.1" 200 262
::1 - - [02/Mar/2023:17:17:21 +0300] "-" 408 -
::1 - - [02/Mar/2023:17:21:20 +0300] "GET /user.php HTTP/1.1" 200 262
::1 - - [02/Mar/2023:17:21:22 +0300] "GET /user.php HTTP/1.1" 200 262
::1 - - [02/Mar/2023:17:21:23 +0300] "GET /user.php HTTP/1.1" 200 262
::1 - - [02/Mar/2023:17:22:20 +0300] "-" 408 -
::1 - - [02/Mar/2023:17:38:19 +0300] "GET /user.php HTTP/1.1" 200 262
::1 - - [02/Mar/2023:17:38:43 +0300] "GET /user.php HTTP/1.1" 200 76629
::1 - - [02/Mar/2023:17:39:43 +0300] "-" 408 -
::1 - - [02/Mar/2023:17:55:04 +0300] "GET /user.php HTTP/1.1" 200 76631
::1 - - [02/Mar/2023:17:56:04 +0300] "-" 408 -
::1 - - [02/Mar/2023:18:00:22 +0300] "GET /user.php HTTP/1.1" 200 76631
::1 - - [02/Mar/2023:18:00:50 +0300] "GET /user.php HTTP/1.1" 200 22
::1 - - [02/Mar/2023:18:01:33 +0300] "GET /user.php HTTP/1.1" 200 240
::1 - - [02/Mar/2023:18:02:33 +0300] "-" 408 -
::1 - - [02/Mar/2023:18:06:44 +0300] "GET /user.php HTTP/1.1" 200 76631
::1 - - [02/Mar/2023:18:07:44 +0300] "-" 408 -
::1 - - [02/Mar/2023:18:10:09 +0300] "GET /user.php HTTP/1.1" 200 76631
::1 - - [02/Mar/2023:18:11:09 +0300] "-" 408 -
::1 - - [02/Mar/2023:18:15:00 +0300] "GET /user.php HTTP/1.1" 200 76631
::1 - - [02/Mar/2023:18:16:00 +0300] "-" 408 -
::1 - - [02/Mar/2023:18:16:02 +0300] "GET /user.php HTTP/1.1" 200 22
::1 - - [02/Mar/2023:18:17:02 +0300] "-" 408 -
::1 - - [02/Mar/2023:18:18:51 +0300] "GET /user.php HTTP/1.1" 200 10
::1 - - [02/Mar/2023:18:19:51 +0300] "-" 408 -
::1 - - [02/Mar/2023:18:22:29 +0300] "GET /user.php HTTP/1.1" 200 262
::1 - - [02/Mar/2023:18:23:29 +0300] "-" 408 -
::1 - - [02/Mar/2023:18:26:54 +0300] "GET /user.php HTTP/1.1" 200 -
::1 - - [02/Mar/2023:18:27:17 +0300] "GET /user.php HTTP/1.1" 200 76631
::1 - - [02/Mar/2023:18:28:17 +0300] "-" 408 -
::1 - - [03/Mar/2023:02:59:38 +0300] "GET /user.php HTTP/1.1" 200 22
::1 - - [03/Mar/2023:03:00:38 +0300] "-" 408 -
::1 - - [03/Mar/2023:03:11:23 +0300] "GET /user.php HTTP/1.1" 200 22
::1 - - [03/Mar/2023:03:11:26 +0300] "GET /user.php HTTP/1.1" 200 22
::1 - - [03/Mar/2023:03:11:27 +0300] "GET /user.php HTTP/1.1" 200 22
::1 - - [03/Mar/2023:03:12:23 +0300] "-" 408 -
::1 - - [03/Mar/2023:03:12:48 +0300] "GET /user.php HTTP/1.1" 200 262
::1 - - [03/Mar/2023:03:13:37 +0300] "GET /user.php HTTP/1.1" 200 76631
::1 - - [03/Mar/2023:13:50:33 +0300] "GET /favicon.ico HTTP/1.1" 404 196
::1 - - [03/Mar/2023:13:50:34 +0300] "GET /user.php HTTP/1.1" 200 76631
::1 - - [03/Mar/2023:13:50:57 +0300] "-" 408 -
::1 - - [03/Mar/2023:14:58:07 +0300] "GET /user.php HTTP/1.1" 200 240
::1 - - [03/Mar/2023:14:58:43 +0300] "GET /user.php HTTP/1.1" 200 262
::1 - - [03/Mar/2023:14:59:43 +0300] "-" 408 -
::1 - - [03/Mar/2023:15:27:00 +0300] "GET /user.php HTTP/1.1" 200 116
::1 - - [03/Mar/2023:15:27:37 +0300] "GET /user.php HTTP/1.1" 200 262
::1 - - [03/Mar/2023:15:27:53 +0300] "GET /user.php HTTP/1.1" 200 76631
::1 - - [03/Mar/2023:15:28:53 +0300] "-" 408 -
::1 - - [03/Mar/2023:15:51:50 +0300] "GET /user.php HTTP/1.1" 200 243
::1 - - [03/Mar/2023:15:52:15 +0300] "GET /user.php HTTP/1.1" 200 233
::1 - - [03/Mar/2023:15:53:13 +0300] "GET /user.php HTTP/1.1" 200 76631
::1 - - [03/Mar/2023:15:54:13 +0300] "-" 408 -
::1 - - [03/Mar/2023:16:41:24 +0300] "GET /user.php HTTP/1.1" 200 76631
::1 - - [03/Mar/2023:16:41:27 +0300] "GET /user.php HTTP/1.1" 200 76631
::1 - - [03/Mar/2023:16:42:24 +0300] "-" 408 -
::1 - - [03/Mar/2023:16:42:36 +0300] "GET /user.php HTTP/1.1" 200 262
::1 - - [03/Mar/2023:16:42:38 +0300] "GET /user.php HTTP/1.1" 200 262
::1 - - [03/Mar/2023:16:43:36 +0300] "-" 408 -
::1 - - [03/Mar/2023:16:47:05 +0300] "GET /user.php HTTP/1.1" 200 262
::1 - - [03/Mar/2023:16:47:07 +0300] "GET /user.php HTTP/1.1" 200 262
::1 - - [03/Mar/2023:16:47:25 +0300] "GET /user.php HTTP/1.1" 200 76631
::1 - - [03/Mar/2023:16:48:25 +0300] "-" 408 -
::1 - - [03/Mar/2023:16:50:02 +0300] "GET /user.php HTTP/1.1" 200 76631
::1 - - [03/Mar/2023:16:51:54 +0300] "GET /user.php HTTP/1.1" 200 76631
::1 - - [03/Mar/2023:16:51:58 +0300] "GET /user.php HTTP/1.1" 200 76631
::1 - - [03/Mar/2023:16:52:54 +0300] "-" 408 -
::1 - - [03/Mar/2023:17:21:01 +0300] "GET /user.php HTTP/1.1" 200 76631
::1 - - [03/Mar/2023:17:22:01 +0300] "-" 408 -
::1 - - [03/Mar/2023:19:04:02 +0300] "GET /favicon.ico HTTP/1.1" 404 196
::1 - - [03/Mar/2023:19:04:59 +0300] "-" 408 -
::1 - - [06/Mar/2023:15:23:05 +0300] "GET /favicon.ico HTTP/1.1" 404 196
::1 - - [07/Mar/2023:01:55:54 +0300] "GET /user.php HTTP/1.1" 200 261
::1 - - [07/Mar/2023:01:56:54 +0300] "-" 408 -
::1 - - [07/Mar/2023:02:10:19 +0300] "GET /user.php HTTP/1.1" 200 21
::1 - - [07/Mar/2023:02:10:21 +0300] "GET /user.php HTTP/1.1" 200 21
::1 - - [07/Mar/2023:02:11:19 +0300] "-" 408 -
::1 - - [07/Mar/2023:02:26:22 +0300] "GET /index.html HTTP/1.1" 200 478
::1 - - [07/Mar/2023:02:41:01 +0300] "GET /user.php HTTP/1.1" 200 261
::1 - - [07/Mar/2023:14:09:53 +0300] "GET /favicon.ico HTTP/1.1" 404 196
::1 - - [07/Mar/2023:14:10:29 +0300] "-" 408 -
::1 - - [07/Mar/2023:14:12:07 +0300] "-" 408 -
::1 - - [07/Mar/2023:14:12:07 +0300] "-" 408 -
::1 - - [07/Mar/2023:14:25:06 +0300] "GET /user.php HTTP/1.1" 200 21
::1 - - [07/Mar/2023:14:25:08 +0300] "GET /user.php HTTP/1.1" 200 21
::1 - - [07/Mar/2023:14:25:15 +0300] "GET /user.php HTTP/1.1" 200 21
::1 - - [07/Mar/2023:14:26:15 +0300] "-" 408 -
::1 - - [07/Mar/2023:14:58:21 +0300] "GET /user.php HTTP/1.1" 200 171
::1 - - [07/Mar/2023:14:58:31 +0300] "GET /user.php HTTP/1.1" 200 171
::1 - - [07/Mar/2023:14:58:52 +0300] "GET /user.php HTTP/1.1" 200 626
::1 - - [07/Mar/2023:14:59:52 +0300] "-" 408 -
::1 - - [07/Mar/2023:15:01:23 +0300] "GET /display.php HTTP/1.1" 200 78572
::1 - - [07/Mar/2023:15:02:23 +0300] "-" 408 -
::1 - - [07/Mar/2023:15:03:20 +0300] "GET /user.php HTTP/1.1" 200 171
::1 - - [07/Mar/2023:15:04:20 +0300] "-" 408 -
::1 - - [07/Mar/2023:15:22:30 +0300] "GET /user.php HTTP/1.1" 200 471
::1 - - [07/Mar/2023:15:23:30 +0300] "-" 408 -
::1 - - [07/Mar/2023:15:35:29 +0300] "GET /user.php HTTP/1.1" 200 218
::1 - - [07/Mar/2023:15:38:46 +0300] "GET /user.php HTTP/1.1" 200 218
::1 - - [07/Mar/2023:15:38:49 +0300] "GET /user.php HTTP/1.1" 200 218
::1 - - [07/Mar/2023:15:51:37 +0300] "GET /user.php HTTP/1.1" 200 218
::1 - - [07/Mar/2023:15:51:40 +0300] "GET /user.php HTTP/1.1" 200 218
::1 - - [07/Mar/2023:15:51:48 +0300] "GET /user.php HTTP/1.1" 200 218
::1 - - [07/Mar/2023:16:00:11 +0300] "GET /user.php HTTP/1.1" 200 218
::1 - - [07/Mar/2023:16:06:04 +0300] "GET /user.php HTTP/1.1" 200 194
::1 - - [07/Mar/2023:16:17:33 +0300] "GET /user.php HTTP/1.1" 200 193
::1 - - [07/Mar/2023:16:22:22 +0300] "GET /user.php HTTP/1.1" 200 194
::1 - - [07/Mar/2023:16:23:22 +0300] "-" 408 -
::1 - - [07/Mar/2023:16:29:09 +0300] "GET /user.php HTTP/1.1" 200 183
::1 - - [07/Mar/2023:16:29:43 +0300] "GET /user.php HTTP/1.1" 200 31
::1 - - [07/Mar/2023:16:30:10 +0300] "GET /user.php HTTP/1.1" 200 190
::1 - - [07/Mar/2023:16:30:40 +0300] "GET /user.php HTTP/1.1" 200 194
::1 - - [07/Mar/2023:16:32:55 +0300] "GET /user.php HTTP/1.1" 200 190
::1 - - [07/Mar/2023:16:33:26 +0300] "GET /user.php HTTP/1.1" 200 190
::1 - - [07/Mar/2023:16:33:28 +0300] "GET /user.php HTTP/1.1" 200 190
::1 - - [07/Mar/2023:16:38:47 +0300] "GET /user.php HTTP/1.1" 200 188
::1 - - [07/Mar/2023:16:41:54 +0300] "GET /user.php HTTP/1.1" 200 161
::1 - - [07/Mar/2023:16:44:42 +0300] "GET /user.php HTTP/1.1" 200 190
::1 - - [07/Mar/2023:16:45:44 +0300] "GET /user.php HTTP/1.1" 200 170
::1 - - [07/Mar/2023:16:47:48 +0300] "GET /user.php HTTP/1.1" 200 170
::1 - - [07/Mar/2023:16:47:56 +0300] "GET /user.php HTTP/1.1" 200 194
::1 - - [07/Mar/2023:17:10:13 +0300] "GET /user.php HTTP/1.1" 200 -
::1 - - [07/Mar/2023:17:10:28 +0300] "GET /user.php HTTP/1.1" 200 31
::1 - - [07/Mar/2023:17:10:38 +0300] "GET /user.php HTTP/1.1" 200 355
::1 - - [07/Mar/2023:17:12:22 +0300] "GET /user.php HTTP/1.1" 200 355
::1 - - [07/Mar/2023:17:12:25 +0300] "GET /user.php HTTP/1.1" 200 355
::1 - - [07/Mar/2023:17:13:24 +0300] "GET /user.php HTTP/1.1" 200 314
::1 - - [07/Mar/2023:17:16:58 +0300] "GET /user.php HTTP/1.1" 200 314
::1 - - [09/Mar/2023:14:21:13 +0300] "GET /favicon.ico HTTP/1.1" 404 196
::1 - - [09/Mar/2023:15:07:16 +0300] "GET /index.html HTTP/1.1" 200 291
::1 - - [09/Mar/2023:15:07:19 +0300] "GET /thumbnails/syteIcon.png HTTP/1.1" 200 4337
::1 - - [09/Mar/2023:15:08:16 +0300] "-" 408 -
::1 - - [09/Mar/2023:15:46:30 +0300] "GET /index.html HTTP/1.1" 200 1107
::1 - - [09/Mar/2023:15:46:30 +0300] "GET /css/index.css HTTP/1.1" 200 216
::1 - - [09/Mar/2023:15:46:30 +0300] "GET /components/Products/Products.css HTTP/1.1" 200 -
::1 - - [09/Mar/2023:15:46:30 +0300] "GET /components/Shopping-card/Shopping-cart.css HTTP/1.1" 200 -
::1 - - [09/Mar/2023:15:46:30 +0300] "GET /components/Products/Products.js HTTP/1.1" 200 -
::1 - - [09/Mar/2023:15:46:30 +0300] "GET /components/Shopping-card/Shopping-cart.js HTTP/1.1" 200 -
::1 - - [09/Mar/2023:15:46:30 +0300] "GET /constants/catalog.js HTTP/1.1" 200 -
::1 - - [09/Mar/2023:15:46:30 +0300] "GET /constants/root.js HTTP/1.1" 200 -
::1 - - [09/Mar/2023:15:46:30 +0300] "GET /components/Header/Header.js HTTP/1.1" 200 -
::1 - - [09/Mar/2023:15:46:30 +0300] "GET /Utils/localStorageUtils.js HTTP/1.1" 200 -
::1 - - [09/Mar/2023:15:46:30 +0300] "GET /components/Header/Header.css HTTP/1.1" 200 -
::1 - - [09/Mar/2023:15:46:31 +0300] "GET /thumbnails/syteIcon.png HTTP/1.1" 304 -
::1 - - [09/Mar/2023:16:22:03 +0300] "GET /index.html HTTP/1.1" 200 1100
::1 - - [09/Mar/2023:16:22:04 +0300] "GET /constants/catalog.js HTTP/1.1" 200 658
::1 - - [09/Mar/2023:16:22:04 +0300] "GET /css/index.css HTTP/1.1" 304 -
::1 - - [09/Mar/2023:16:22:04 +0300] "GET /constants/root.js HTTP/1.1" 304 -
::1 - - [09/Mar/2023:16:22:04 +0300] "GET /components/Header/Header.css HTTP/1.1" 304 -
::1 - - [09/Mar/2023:16:22:04 +0300] "GET /components/Products/Products.css HTTP/1.1" 304 -
::1 - - [09/Mar/2023:16:22:04 +0300] "GET /components/Header/Header.js HTTP/1.1" 304 -
::1 - - [09/Mar/2023:16:22:04 +0300] "GET /components/Shopping-card/Shopping-cart.css HTTP/1.1" 304 -
::1 - - [09/Mar/2023:16:22:04 +0300] "GET /Utils/localStorageUtils.js HTTP/1.1" 304 -
::1 - - [09/Mar/2023:16:22:04 +0300] "GET /components/Shopping-card/Shopping-cart.js HTTP/1.1" 304 -
::1 - - [09/Mar/2023:16:22:04 +0300] "GET /components/Products/Products.js HTTP/1.1" 200 197
::1 - - [09/Mar/2023:16:22:04 +0300] "GET /img/syteIcon.png HTTP/1.1" 200 4337
::1 - - [09/Mar/2023:16:26:50 +0300] "GET /index.html HTTP/1.1" 304 -
::1 - - [09/Mar/2023:16:26:50 +0300] "GET /css/index.css HTTP/1.1" 304 -
::1 - - [09/Mar/2023:16:26:50 +0300] "GET /constants/catalog.js HTTP/1.1" 304 -
::1 - - [09/Mar/2023:16:26:50 +0300] "GET /components/Products/Products.js HTTP/1.1" 200 232
::1 - - [09/Mar/2023:16:26:50 +0300] "GET /constants/root.js HTTP/1.1" 304 -
::1 - - [09/Mar/2023:16:26:50 +0300] "GET /Utils/localStorageUtils.js HTTP/1.1" 304 -
::1 - - [09/Mar/2023:16:27:51 +0300] "-" 408 -
::1 - - [09/Mar/2023:16:28:18 +0300] "GET /index.html HTTP/1.1" 304 -
::1 - - [09/Mar/2023:16:28:18 +0300] "GET /constants/catalog.js HTTP/1.1" 304 -
::1 - - [09/Mar/2023:16:28:18 +0300] "GET /components/Header/Header.css HTTP/1.1" 304 -
::1 - - [09/Mar/2023:16:28:18 +0300] "GET /components/Shopping-card/Shopping-cart.js HTTP/1.1" 304 -
::1 - - [09/Mar/2023:16:28:18 +0300] "GET /components/Products/Products.css HTTP/1.1" 304 -
::1 - - [09/Mar/2023:16:28:18 +0300] "GET /components/Products/Products.js HTTP/1.1" 200 233
::1 - - [09/Mar/2023:16:28:18 +0300] "GET /components/Shopping-card/Shopping-cart.css HTTP/1.1" 304 -
::1 - - [09/Mar/2023:16:46:33 +0300] "GET /index.html HTTP/1.1" 200 1100
::1 - - [09/Mar/2023:16:46:34 +0300] "GET /css/index.css HTTP/1.1" 304 -
::1 - - [09/Mar/2023:16:46:34 +0300] "GET /constants/catalog.js HTTP/1.1" 304 -
::1 - - [09/Mar/2023:16:46:34 +0300] "GET /components/Products/Products.css HTTP/1.1" 304 -
::1 - - [09/Mar/2023:16:46:34 +0300] "GET /components/Header/Header.js HTTP/1.1" 304 -
::1 - - [09/Mar/2023:16:46:34 +0300] "GET /constants/root.js HTTP/1.1" 200 184
::1 - - [09/Mar/2023:16:46:34 +0300] "GET /Utils/localStorageUtils.js HTTP/1.1" 304 -
::1 - - [09/Mar/2023:16:46:34 +0300] "GET /components/Products/Products.js HTTP/1.1" 200 701
::1 - - [09/Mar/2023:16:46:34 +0300] "GET /components/Shopping-card/Shopping-cart.js HTTP/1.1" 304 -
::1 - - [09/Mar/2023:16:46:34 +0300] "GET /components/Header/Header.css HTTP/1.1" 304 -
::1 - - [09/Mar/2023:16:46:34 +0300] "GET /components/Shopping-card/Shopping-cart.css HTTP/1.1" 304 -
::1 - - [09/Mar/2023:16:46:35 +0300] "GET /img/syteIcon.png HTTP/1.1" 304 -
::1 - - [09/Mar/2023:16:53:58 +0300] "GET /index.html HTTP/1.1" 304 -
::1 - - [09/Mar/2023:16:53:58 +0300] "GET /constants/catalog.js HTTP/1.1" 304 -
::1 - - [09/Mar/2023:16:53:58 +0300] "GET /css/index.css HTTP/1.1" 304 -
::1 - - [09/Mar/2023:16:53:58 +0300] "GET /Utils/localStorageUtils.js HTTP/1.1" 304 -
::1 - - [09/Mar/2023:16:53:58 +0300] "GET /constants/root.js HTTP/1.1" 304 -
::1 - - [09/Mar/2023:16:53:58 +0300] "GET /components/Products/Products.js HTTP/1.1" 200 730
::1 - - [09/Mar/2023:16:54:28 +0300] "GET /index.html HTTP/1.1" 304 -
::1 - - [09/Mar/2023:16:54:28 +0300] "GET /components/Products/Products.js HTTP/1.1" 304 -
::1 - - [09/Mar/2023:17:05:51 +0300] "GET /index.html HTTP/1.1" 304 -
::1 - - [09/Mar/2023:17:05:51 +0300] "GET /css/index.css HTTP/1.1" 304 -
::1 - - [09/Mar/2023:17:05:51 +0300] "GET /constants/catalog.js HTTP/1.1" 304 -
::1 - - [09/Mar/2023:17:05:51 +0300] "GET /constants/root.js HTTP/1.1" 304 -
::1 - - [09/Mar/2023:17:05:51 +0300] "GET /Utils/localStorageUtils.js HTTP/1.1" 304 -
::1 - - [09/Mar/2023:17:05:51 +0300] "GET /components/Header/Header.css HTTP/1.1" 304 -
::1 - - [09/Mar/2023:17:05:51 +0300] "GET /components/Products/Products.css HTTP/1.1" 200 325
::1 - - [09/Mar/2023:17:05:51 +0300] "GET /components/Header/Header.js HTTP/1.1" 304 -
::1 - - [09/Mar/2023:17:05:51 +0300] "GET /components/Shopping-card/Shopping-cart.css HTTP/1.1" 304 -
::1 - - [09/Mar/2023:17:05:51 +0300] "GET /components/Products/Products.js HTTP/1.1" 200 883
::1 - - [09/Mar/2023:17:05:51 +0300] "GET /components/Shopping-card/Shopping-cart.js HTTP/1.1" 304 -
::1 - - [09/Mar/2023:17:05:51 +0300] "GET /img/syteIcon.png HTTP/1.1" 304 -
::1 - - [09/Mar/2023:17:09:22 +0300] "GET /index.html HTTP/1.1" 304 -
::1 - - [09/Mar/2023:17:09:22 +0300] "GET /constants/root.js HTTP/1.1" 304 -
::1 - - [09/Mar/2023:17:09:22 +0300] "GET /components/Products/Products.js HTTP/1.1" 304 -
::1 - - [09/Mar/2023:17:09:22 +0300] "GET /components/Products/Products.css HTTP/1.1" 200 399
::1 - - [09/Mar/2023:17:12:17 +0300] "GET /index.html HTTP/1.1" 304 -
::1 - - [09/Mar/2023:17:12:18 +0300] "GET /constants/catalog.js HTTP/1.1" 304 -
::1 - - [09/Mar/2023:17:12:18 +0300] "GET /components/Products/Products.css HTTP/1.1" 200 420
::1 - - [09/Mar/2023:17:12:18 +0300] "GET /components/Products/Products.js HTTP/1.1" 304 -
::1 - - [09/Mar/2023:17:12:18 +0300] "GET /constants/root.js HTTP/1.1" 304 -
::1 - - [09/Mar/2023:17:13:56 +0300] "GET /index.html HTTP/1.1" 304 -
::1 - - [09/Mar/2023:17:13:57 +0300] "GET /components/Products/Products.js HTTP/1.1" 304 -
::1 - - [09/Mar/2023:17:13:57 +0300] "GET /components/Products/Products.css HTTP/1.1" 200 480
::1 - - [09/Mar/2023:17:18:33 +0300] "GET /index.html HTTP/1.1" 304 -
::1 - - [09/Mar/2023:17:18:33 +0300] "GET /css/index.css HTTP/1.1" 200 301
::1 - - [09/Mar/2023:17:18:33 +0300] "GET /constants/catalog.js HTTP/1.1" 304 -
::1 - - [09/Mar/2023:17:18:33 +0300] "GET /constants/root.js HTTP/1.1" 304 -
::1 - - [09/Mar/2023:17:18:33 +0300] "GET /Utils/localStorageUtils.js HTTP/1.1" 304 -
::1 - - [09/Mar/2023:17:18:33 +0300] "GET /components/Header/Header.css HTTP/1.1" 304 -
::1 - - [09/Mar/2023:17:18:33 +0300] "GET /components/Products/Products.css HTTP/1.1" 200 501
::1 - - [09/Mar/2023:17:18:34 +0300] "GET /components/Shopping-card/Shopping-cart.css HTTP/1.1" 304 -
::1 - - [09/Mar/2023:17:18:34 +0300] "GET /components/Header/Header.js HTTP/1.1" 304 -
::1 - - [09/Mar/2023:17:18:34 +0300] "GET /components/Products/Products.js HTTP/1.1" 304 -
::1 - - [09/Mar/2023:17:18:34 +0300] "GET /components/Shopping-card/Shopping-cart.js HTTP/1.1" 304 -
::1 - - [09/Mar/2023:17:18:34 +0300] "GET /img/syteIcon.png HTTP/1.1" 304 -
::1 - - [09/Mar/2023:17:22:47 +0300] "GET /index.html HTTP/1.1" 304 -
::1 - - [09/Mar/2023:17:22:47 +0300] "GET /components/Products/Products.js HTTP/1.1" 304 -
::1 - - [09/Mar/2023:17:22:47 +0300] "GET /components/Products/Products.css HTTP/1.1" 200 574
::1 - - [09/Mar/2023:17:22:48 +0300] "GET /css/index.css HTTP/1.1" 200 329
::1 - - [09/Mar/2023:17:22:48 +0300] "GET /constants/root.js HTTP/1.1" 304 -
::1 - - [09/Mar/2023:17:39:52 +0300] "GET /index.html HTTP/1.1" 304 -
::1 - - [09/Mar/2023:17:39:52 +0300] "GET /constants/root.js HTTP/1.1" 304 -
::1 - - [09/Mar/2023:17:39:52 +0300] "GET /css/index.css HTTP/1.1" 200 607
::1 - - [09/Mar/2023:17:39:52 +0300] "GET /components/Products/Products.css HTTP/1.1" 200 818
::1 - - [09/Mar/2023:17:39:52 +0300] "GET /components/Shopping-card/Shopping-cart.css HTTP/1.1" 304 -
::1 - - [09/Mar/2023:17:39:52 +0300] "GET /constants/catalog.js HTTP/1.1" 304 -
::1 - - [09/Mar/2023:17:39:53 +0300] "GET /Utils/localStorageUtils.js HTTP/1.1" 304 -
::1 - - [09/Mar/2023:17:39:53 +0300] "GET /components/Header/Header.css HTTP/1.1" 304 -
::1 - - [09/Mar/2023:17:39:52 +0300] "GET /components/Shopping-card/Shopping-cart.js HTTP/1.1" 304 -
::1 - - [09/Mar/2023:17:39:53 +0300] "GET /components/Products/Products.js HTTP/1.1" 304 -
::1 - - [09/Mar/2023:17:39:53 +0300] "GET /components/Header/Header.js HTTP/1.1" 304 -
::1 - - [09/Mar/2023:17:39:53 +0300] "GET /img/syteIcon.png HTTP/1.1" 304 -
::1 - - [09/Mar/2023:17:49:05 +0300] "GET /index.html HTTP/1.1" 304 -
::1 - - [09/Mar/2023:17:49:05 +0300] "GET /css/index.css HTTP/1.1" 304 -
::1 - - [09/Mar/2023:17:49:05 +0300] "GET /constants/catalog.js HTTP/1.1" 304 -
::1 - - [09/Mar/2023:17:49:05 +0300] "GET /components/Products/Products.css HTTP/1.1" 304 -
::1 - - [09/Mar/2023:17:49:05 +0300] "GET /components/Products/Products.js HTTP/1.1" 200 898
::1 - - [09/Mar/2023:17:49:05 +0300] "GET /constants/root.js HTTP/1.1" 304 -
::1 - - [09/Mar/2023:17:50:06 +0300] "GET /index.html HTTP/1.1" 304 -
::1 - - [09/Mar/2023:17:50:06 +0300] "GET /components/Products/Products.js HTTP/1.1" 200 936
::1 - - [09/Mar/2023:17:50:06 +0300] "GET /components/Products/Products.css HTTP/1.1" 304 -
::1 - - [09/Mar/2023:17:51:23 +0300] "GET /index.html HTTP/1.1" 304 -
::1 - - [09/Mar/2023:17:51:23 +0300] "GET /css/index.css HTTP/1.1" 304 -
::1 - - [09/Mar/2023:17:51:23 +0300] "GET /components/Products/Products.js HTTP/1.1" 200 907
::1 - - [09/Mar/2023:17:51:23 +0300] "GET /components/Products/Products.css HTTP/1.1" 304 -
::1 - - [09/Mar/2023:17:51:24 +0300] "GET /img/ruble HTTP/1.1" 404 196
::1 - - [09/Mar/2023:17:52:15 +0300] "GET /index.html HTTP/1.1" 304 -
::1 - - [09/Mar/2023:17:52:15 +0300] "GET /Utils/localStorageUtils.js HTTP/1.1" 304 -
::1 - - [09/Mar/2023:17:52:15 +0300] "GET /components/Products/Products.js HTTP/1.1" 200 924
::1 - - [09/Mar/2023:17:52:15 +0300] "GET /img/ruble HTTP/1.1" 404 196
::1 - - [09/Mar/2023:17:55:23 +0300] "GET /index.html HTTP/1.1" 304 -
::1 - - [09/Mar/2023:17:55:23 +0300] "GET /css/index.css HTTP/1.1" 304 -
::1 - - [09/Mar/2023:17:55:23 +0300] "GET /components/Header/Header.js HTTP/1.1" 304 -
::1 - - [09/Mar/2023:17:55:23 +0300] "GET /components/Header/Header.css HTTP/1.1" 304 -
::1 - - [09/Mar/2023:17:55:23 +0300] "GET /components/Products/Products.css HTTP/1.1" 304 -
::1 - - [09/Mar/2023:17:55:23 +0300] "GET /components/Products/Products.js HTTP/1.1" 200 887
::1 - - [09/Mar/2023:17:55:23 +0300] "GET /components/Shopping-card/Shopping-cart.js HTTP/1.1" 304 -
::1 - - [09/Mar/2023:17:55:23 +0300] "GET /components/Shopping-card/Shopping-cart.css HTTP/1.1" 304 -
::1 - - [09/Mar/2023:17:56:54 +0300] "GET /index.html HTTP/1.1" 304 -
::1 - - [09/Mar/2023:17:56:54 +0300] "GET /constants/root.js HTTP/1.1" 304 -
::1 - - [09/Mar/2023:17:56:54 +0300] "GET /components/Products/Products.js HTTP/1.1" 200 888
::1 - - [09/Mar/2023:17:56:55 +0300] "GET /img/syteIcon.png HTTP/1.1" 304 -
::1 - - [09/Mar/2023:18:00:53 +0300] "GET /index.html HTTP/1.1" 304 -
::1 - - [09/Mar/2023:18:00:53 +0300] "GET /constants/catalog.js HTTP/1.1" 304 -
::1 - - [09/Mar/2023:18:00:53 +0300] "GET /components/Products/Products.css HTTP/1.1" 304 -
::1 - - [09/Mar/2023:18:00:53 +0300] "GET /css/index.css HTTP/1.1" 304 -
::1 - - [09/Mar/2023:18:00:53 +0300] "GET /components/Products/Products.js HTTP/1.1" 200 945
::1 - - [09/Mar/2023:18:10:35 +0300] "GET /index.html HTTP/1.1" 304 -
::1 - - [09/Mar/2023:18:10:35 +0300] "GET /css/index.css HTTP/1.1" 200 639
::1 - - [09/Mar/2023:18:10:35 +0300] "GET /constants/root.js HTTP/1.1" 304 -
::1 - - [09/Mar/2023:18:10:35 +0300] "GET /components/Products/Products.js HTTP/1.1" 304 -
::1 - - [09/Mar/2023:18:10:35 +0300] "GET /Utils/localStorageUtils.js HTTP/1.1" 304 -
::1 - - [09/Mar/2023:18:10:35 +0300] "GET /components/Products/Products.css HTTP/1.1" 200 1154
::1 - - [09/Mar/2023:18:12:12 +0300] "GET /index.html HTTP/1.1" 304 -
::1 - - [09/Mar/2023:18:12:12 +0300] "GET /css/index.css HTTP/1.1" 304 -
::1 - - [09/Mar/2023:18:12:12 +0300] "GET /constants/catalog.js HTTP/1.1" 304 -
::1 - - [09/Mar/2023:18:12:12 +0300] "GET /components/Shopping-card/Shopping-cart.css HTTP/1.1" 304 -
::1 - - [09/Mar/2023:18:12:12 +0300] "GET /components/Shopping-card/Shopping-cart.js HTTP/1.1" 304 -
::1 - - [09/Mar/2023:18:12:12 +0300] "GET /components/Header/Header.css HTTP/1.1" 304 -
::1 - - [09/Mar/2023:18:12:12 +0300] "GET /components/Products/Products.css HTTP/1.1" 200 1150
::1 - - [09/Mar/2023:18:12:12 +0300] "GET /components/Header/Header.js HTTP/1.1" 304 -
::1 - - [09/Mar/2023:18:12:12 +0300] "GET /components/Products/Products.js HTTP/1.1" 304 -
::1 - - [09/Mar/2023:23:31:37 +0300] "GET /css/index.css HTTP/1.1" 304 -
::1 - - [09/Mar/2023:23:31:37 +0300] "GET /components/Shopping-card/Shopping-cart.css HTTP/1.1" 304 -
::1 - - [09/Mar/2023:23:31:37 +0300] "GET /components/Header/Header.css HTTP/1.1" 304 -
::1 - - [09/Mar/2023:23:31:37 +0300] "GET /components/Products/Products.css HTTP/1.1" 200 1197
::1 - - [09/Mar/2023:23:52:36 +0300] "GET /index.html HTTP/1.1" 304 -
::1 - - [09/Mar/2023:23:52:37 +0300] "GET /Utils/localStorageUtils.js HTTP/1.1" 200 605
::1 - - [09/Mar/2023:23:52:37 +0300] "GET /components/Products/Products.js HTTP/1.1" 304 -
::1 - - [09/Mar/2023:23:52:37 +0300] "GET /components/Shopping-card/Shopping-cart.js HTTP/1.1" 304 -
::1 - - [09/Mar/2023:23:52:37 +0300] "GET /constants/root.js HTTP/1.1" 304 -
::1 - - [09/Mar/2023:23:52:37 +0300] "GET /constants/catalog.js HTTP/1.1" 304 -
::1 - - [09/Mar/2023:23:52:37 +0300] "GET /components/Header/Header.js HTTP/1.1" 304 -
::1 - - [09/Mar/2023:23:52:38 +0300] "GET /img/syteIcon.png HTTP/1.1" 304 -
::1 - - [10/Mar/2023:00:10:18 +0300] "GET /index.html HTTP/1.1" 304 -
::1 - - [10/Mar/2023:00:10:19 +0300] "GET /css/index.css HTTP/1.1" 304 -
::1 - - [10/Mar/2023:00:10:19 +0300] "GET /components/Products/Products.css HTTP/1.1" 200 1197
::1 - - [10/Mar/2023:00:10:19 +0300] "GET /Utils/localStorageUtils.js HTTP/1.1" 200 824
::1 - - [10/Mar/2023:00:10:26 +0300] "GET /index.html HTTP/1.1" 304 -
::1 - - [10/Mar/2023:00:10:27 +0300] "GET /components/Products/Products.css HTTP/1.1" 200 1197
::1 - - [10/Mar/2023:00:10:34 +0300] "GET /index.html HTTP/1.1" 304 -
::1 - - [10/Mar/2023:00:10:34 +0300] "GET /components/Products/Products.css HTTP/1.1" 200 1197
::1 - - [10/Mar/2023:00:10:46 +0300] "GET /index.html HTTP/1.1" 304 -
::1 - - [10/Mar/2023:00:10:46 +0300] "GET /components/Products/Products.css HTTP/1.1" 200 1197
::1 - - [10/Mar/2023:00:11:31 +0300] "GET /index.html HTTP/1.1" 304 -
::1 - - [10/Mar/2023:00:11:31 +0300] "GET /components/Products/Products.css HTTP/1.1" 200 1197
::1 - - [10/Mar/2023:00:11:31 +0300] "GET /Utils/localStorageUtils.js HTTP/1.1" 304 -
::1 - - [10/Mar/2023:00:40:25 +0300] "GET /index.html HTTP/1.1" 304 -
::1 - - [10/Mar/2023:00:40:25 +0300] "GET /constants/root.js HTTP/1.1" 304 -
::1 - - [10/Mar/2023:00:40:25 +0300] "GET /components/Header/Header.css HTTP/1.1" 304 -
::1 - - [10/Mar/2023:00:40:25 +0300] "GET /Utils/localStorageUtils.js HTTP/1.1" 304 -
::1 - - [10/Mar/2023:00:40:25 +0300] "GET /constants/catalog.js HTTP/1.1" 304 -
::1 - - [10/Mar/2023:00:40:25 +0300] "GET /components/Products/Products.js HTTP/1.1" 200 1647
::1 - - [10/Mar/2023:00:40:25 +0300] "GET /components/Products/Products.css HTTP/1.1" 200 1197
::1 - - [10/Mar/2023:00:40:25 +0300] "GET /components/Shopping-card/Shopping-cart.css HTTP/1.1" 304 -
::1 - - [10/Mar/2023:00:41:25 +0300] "-" 408 -
::1 - - [10/Mar/2023:00:44:16 +0300] "GET /index.html HTTP/1.1" 304 -
::1 - - [10/Mar/2023:00:44:16 +0300] "GET /Utils/localStorageUtils.js HTTP/1.1" 304 -
::1 - - [10/Mar/2023:00:44:16 +0300] "GET /components/Products/Products.js HTTP/1.1" 200 1669
::1 - - [10/Mar/2023:00:44:16 +0300] "GET /components/Header/Header.js HTTP/1.1" 304 -
::1 - - [10/Mar/2023:00:44:17 +0300] "GET /components/Products/Products.css HTTP/1.1" 304 -
::1 - - [10/Mar/2023:00:44:17 +0300] "GET /components/Shopping-card/Shopping-cart.js HTTP/1.1" 304 -
::1 - - [10/Mar/2023:00:56:05 +0300] "GET /index.html HTTP/1.1" 304 -
::1 - - [10/Mar/2023:00:56:06 +0300] "GET /Utils/localStorageUtils.js HTTP/1.1" 304 -
::1 - - [10/Mar/2023:00:56:06 +0300] "GET /css/index.css HTTP/1.1" 304 -
::1 - - [10/Mar/2023:00:56:06 +0300] "GET /components/Products/Products.css HTTP/1.1" 304 -
::1 - - [10/Mar/2023:00:56:06 +0300] "GET /components/Products/Products.js HTTP/1.1" 200 1992
::1 - - [10/Mar/2023:00:56:07 +0300] "GET /img/syteIcon.png HTTP/1.1" 304 -
::1 - - [10/Mar/2023:00:57:06 +0300] "-" 408 -
::1 - - [10/Mar/2023:00:57:06 +0300] "-" 408 -
::1 - - [10/Mar/2023:01:37:47 +0300] "GET /constants/catalog.js HTTP/1.1" 304 -
::1 - - [10/Mar/2023:01:37:48 +0300] "GET /constants/root.js HTTP/1.1" 304 -
::1 - - [10/Mar/2023:01:37:48 +0300] "GET /Utils/localStorageUtils.js HTTP/1.1" 304 -
::1 - - [10/Mar/2023:01:37:48 +0300] "GET /components/Header/Header.css HTTP/1.1" 200 50
::1 - - [10/Mar/2023:01:37:48 +0300] "GET /components/Products/Products.css HTTP/1.1" 304 -
::1 - - [10/Mar/2023:01:37:47 +0300] "GET /index.html HTTP/1.1" 304 -
::1 - - [10/Mar/2023:01:37:48 +0300] "GET /css/index.css HTTP/1.1" 304 -
::1 - - [10/Mar/2023:01:37:48 +0300] "GET /components/Products/Products.js HTTP/1.1" 200 1992
::1 - - [10/Mar/2023:01:37:48 +0300] "GET /components/Shopping-card/Shopping-cart.css HTTP/1.1" 304 -
::1 - - [10/Mar/2023:01:39:50 +0300] "GET /index.html HTTP/1.1" 304 -
::1 - - [10/Mar/2023:01:39:50 +0300] "GET /components/Header/Header.css HTTP/1.1" 304 -
::1 - - [10/Mar/2023:01:43:53 +0300] "GET /index.html HTTP/1.1" 304 -
::1 - - [10/Mar/2023:01:43:54 +0300] "GET /components/Header/Header.js HTTP/1.1" 200 342
::1 - - [10/Mar/2023:01:43:54 +0300] "GET /components/Header/Header.css HTTP/1.1" 304 -
::1 - - [10/Mar/2023:01:43:54 +0300] "GET /components/Products/Products.js HTTP/1.1" 304 -
::1 - - [10/Mar/2023:01:43:54 +0300] "GET /components/Shopping-card/Shopping-cart.js HTTP/1.1" 304 -
::1 - - [10/Mar/2023:01:44:10 +0300] "GET /index.html HTTP/1.1" 304 -
::1 - - [10/Mar/2023:01:44:10 +0300] "GET /components/Header/Header.js HTTP/1.1" 200 337
::1 - - [10/Mar/2023:01:45:10 +0300] "-" 408 -
::1 - - [10/Mar/2023:01:55:01 +0300] "GET /index.html HTTP/1.1" 304 -
::1 - - [10/Mar/2023:01:55:01 +0300] "GET /Utils/localStorageUtils.js HTTP/1.1" 304 -
::1 - - [10/Mar/2023:01:55:01 +0300] "GET /components/Header/Header.js HTTP/1.1" 304 -
::1 - - [10/Mar/2023:01:55:01 +0300] "GET /components/Header/Header.css HTTP/1.1" 200 185
::1 - - [10/Mar/2023:01:55:01 +0300] "GET /components/Products/Products.js HTTP/1.1" 304 -
::1 - - [10/Mar/2023:01:55:01 +0300] "GET /components/Products/Products.css HTTP/1.1" 304 -
::1 - - [10/Mar/2023:01:55:54 +0300] "GET /index.html HTTP/1.1" 304 -
::1 - - [10/Mar/2023:01:55:54 +0300] "GET /components/Header/Header.css HTTP/1.1" 304 -
::1 - - [10/Mar/2023:01:55:55 +0300] "GET /img/syteIcon.png HTTP/1.1" 304 -
::1 - - [10/Mar/2023:01:56:52 +0300] "GET /index.html HTTP/1.1" 304 -
::1 - - [10/Mar/2023:01:56:53 +0300] "GET /components/Header/Header.js HTTP/1.1" 304 -
::1 - - [10/Mar/2023:01:56:53 +0300] "GET /components/Header/Header.css HTTP/1.1" 200 187
::1 - - [10/Mar/2023:01:58:52 +0300] "GET /index.html HTTP/1.1" 304 -
::1 - - [10/Mar/2023:01:58:52 +0300] "GET /components/Header/Header.js HTTP/1.1" 304 -
::1 - - [10/Mar/2023:01:58:52 +0300] "GET /components/Header/Header.css HTTP/1.1" 200 185
::1 - - [10/Mar/2023:02:06:32 +0300] "GET /index.html HTTP/1.1" 304 -
::1 - - [10/Mar/2023:02:06:33 +0300] "GET /Utils/localStorageUtils.js HTTP/1.1" 304 -
::1 - - [10/Mar/2023:02:06:33 +0300] "GET /components/Header/Header.js HTTP/1.1" 304 -
::1 - - [10/Mar/2023:02:06:33 +0300] "GET /components/Header/Header.css HTTP/1.1" 304 -
::1 - - [10/Mar/2023:02:06:33 +0300] "GET /components/Products/Products.js HTTP/1.1" 304 -
::1 - - [10/Mar/2023:02:06:33 +0300] "GET /components/Products/Products.css HTTP/1.1" 200 1197
::1 - - [10/Mar/2023:02:07:24 +0300] "GET /index.html HTTP/1.1" 304 -
::1 - - [10/Mar/2023:02:07:24 +0300] "GET /components/Header/Header.css HTTP/1.1" 304 -
::1 - - [10/Mar/2023:02:07:24 +0300] "GET /components/Products/Products.css HTTP/1.1" 200 1197
::1 - - [10/Mar/2023:02:07:53 +0300] "GET /index.html HTTP/1.1" 304 -
::1 - - [10/Mar/2023:02:07:54 +0300] "GET /components/Products/Products.css HTTP/1.1" 200 1197
::1 - - [10/Mar/2023:02:08:53 +0300] "-" 408 -
::1 - - [10/Mar/2023:02:09:27 +0300] "GET /index.html HTTP/1.1" 304 -
::1 - - [10/Mar/2023:02:09:27 +0300] "GET /components/Header/Header.js HTTP/1.1" 304 -
::1 - - [10/Mar/2023:02:09:27 +0300] "GET /components/Header/Header.css HTTP/1.1" 304 -
::1 - - [10/Mar/2023:02:09:27 +0300] "GET /components/Products/Products.css HTTP/1.1" 200 1196
::1 - - [10/Mar/2023:02:12:20 +0300] "GET /index.html HTTP/1.1" 304 -
::1 - - [10/Mar/2023:02:12:20 +0300] "GET /components/Header/Header.js HTTP/1.1" 200 331
::1 - - [10/Mar/2023:02:12:20 +0300] "GET /components/Products/Products.css HTTP/1.1" 304 -
::1 - - [10/Mar/2023:02:12:20 +0300] "GET /components/Header/Header.css HTTP/1.1" 200 179
::1 - - [10/Mar/2023:02:14:28 +0300] "GET /index.html HTTP/1.1" 304 -
::1 - - [10/Mar/2023:02:14:28 +0300] "GET /components/Header/Header.js HTTP/1.1" 200 337
::1 - - [10/Mar/2023:02:14:28 +0300] "GET /components/Header/Header.css HTTP/1.1" 200 184
::1 - - [10/Mar/2023:02:14:28 +0300] "GET /components/Products/Products.js HTTP/1.1" 304 -
::1 - - [10/Mar/2023:02:14:28 +0300] "GET /components/Products/Products.css HTTP/1.1" 304 -
::1 - - [10/Mar/2023:02:16:20 +0300] "GET /index.html HTTP/1.1" 304 -
::1 - - [10/Mar/2023:02:16:20 +0300] "GET /components/Header/Header.js HTTP/1.1" 304 -
::1 - - [10/Mar/2023:02:16:20 +0300] "GET /components/Header/Header.css HTTP/1.1" 200 273
::1 - - [10/Mar/2023:02:16:20 +0300] "GET /components/Products/Products.css HTTP/1.1" 304 -
::1 - - [10/Mar/2023:02:19:33 +0300] "GET /index.html HTTP/1.1" 304 -
::1 - - [10/Mar/2023:02:19:33 +0300] "GET /Utils/localStorageUtils.js HTTP/1.1" 304 -
::1 - - [10/Mar/2023:02:19:33 +0300] "GET /components/Header/Header.js HTTP/1.1" 304 -
::1 - - [10/Mar/2023:02:19:33 +0300] "GET /components/Products/Products.css HTTP/1.1" 304 -
::1 - - [10/Mar/2023:02:19:33 +0300] "GET /components/Header/Header.css HTTP/1.1" 200 297
::1 - - [10/Mar/2023:02:21:47 +0300] "GET /index.html HTTP/1.1" 304 -
::1 - - [10/Mar/2023:02:21:47 +0300] "GET /components/Header/Header.js HTTP/1.1" 304 -
::1 - - [10/Mar/2023:02:21:47 +0300] "GET /components/Header/Header.css HTTP/1.1" 200 308
::1 - - [10/Mar/2023:02:21:48 +0300] "GET /components/Products/Products.css HTTP/1.1" 304 -
::1 - - [10/Mar/2023:02:22:29 +0300] "GET /index.html HTTP/1.1" 304 -
::1 - - [10/Mar/2023:02:22:29 +0300] "GET /components/Header/Header.css HTTP/1.1" 200 279
::1 - - [10/Mar/2023:02:22:29 +0300] "GET /components/Products/Products.js HTTP/1.1" 304 -
::1 - - [10/Mar/2023:02:23:26 +0300] "GET /index.html HTTP/1.1" 304 -
::1 - - [10/Mar/2023:02:23:26 +0300] "GET /css/index.css HTTP/1.1" 200 632
::1 - - [10/Mar/2023:02:23:26 +0300] "GET /components/Header/Header.js HTTP/1.1" 304 -
::1 - - [10/Mar/2023:02:23:26 +0300] "GET /components/Header/Header.css HTTP/1.1" 200 273
::1 - - [10/Mar/2023:02:23:26 +0300] "GET /components/Products/Products.css HTTP/1.1" 304 -
::1 - - [10/Mar/2023:02:24:01 +0300] "GET /index.html HTTP/1.1" 304 -
::1 - - [10/Mar/2023:02:24:02 +0300] "GET /css/index.css HTTP/1.1" 200 669
::1 - - [10/Mar/2023:02:24:02 +0300] "GET /components/Header/Header.css HTTP/1.1" 304 -
::1 - - [10/Mar/2023:02:37:35 +0300] "GET /index.html HTTP/1.1" 304 -
::1 - - [10/Mar/2023:02:37:35 +0300] "GET /css/index.css HTTP/1.1" 304 -
::1 - - [10/Mar/2023:02:37:35 +0300] "GET /constants/catalog.js HTTP/1.1" 304 -
::1 - - [10/Mar/2023:02:37:35 +0300] "GET /components/Header/Header.css HTTP/1.1" 304 -
::1 - - [10/Mar/2023:02:37:35 +0300] "GET /constants/root.js HTTP/1.1" 304 -
::1 - - [10/Mar/2023:02:37:35 +0300] "GET /components/Products/Products.css HTTP/1.1" 304 -
::1 - - [10/Mar/2023:02:37:35 +0300] "GET /components/Products/Products.js HTTP/1.1" 200 2039
::1 - - [10/Mar/2023:02:37:35 +0300] "GET /Utils/localStorageUtils.js HTTP/1.1" 304 -
::1 - - [10/Mar/2023:02:37:35 +0300] "GET /components/Header/Header.js HTTP/1.1" 200 423
::1 - - [13/Mar/2023:16:57:45 +0300] "GET /constants/catalog.js HTTP/1.1" 304 -
::1 - - [13/Mar/2023:16:57:45 +0300] "GET /constants/root.js HTTP/1.1" 304 -
::1 - - [13/Mar/2023:16:57:45 +0300] "GET /css/index.css HTTP/1.1" 304 -
::1 - - [13/Mar/2023:16:57:45 +0300] "GET /components/Header/Header.css HTTP/1.1" 304 -
::1 - - [13/Mar/2023:16:57:45 +0300] "GET /components/Products/Products.css HTTP/1.1" 304 -
::1 - - [13/Mar/2023:16:57:46 +0300] "GET /components/Shopping-card/Shopping-cart.css HTTP/1.1" 304 -
::1 - - [13/Mar/2023:16:57:46 +0300] "GET /Utils/localStorageUtils.js HTTP/1.1" 304 -
::1 - - [13/Mar/2023:16:57:46 +0300] "GET /components/Header/Header.js HTTP/1.1" 304 -
::1 - - [13/Mar/2023:16:57:46 +0300] "GET /components/Products/Products.js HTTP/1.1" 304 -
::1 - - [13/Mar/2023:16:57:47 +0300] "GET /components/Shopping-card/Shopping-cart.js HTTP/1.1" 304 -
::1 - - [13/Mar/2023:16:59:13 +0300] "GET /favicon.ico HTTP/1.1" 404 196
::1 - - [13/Mar/2023:16:59:43 +0300] "-" 408 -
::1 - - [13/Mar/2023:17:01:08 +0300] "GET /index.html HTTP/1.1" 304 -
::1 - - [13/Mar/2023:17:01:08 +0300] "GET /img/syteIcon.png HTTP/1.1" 304 -
::1 - - [13/Mar/2023:17:02:08 +0300] "-" 408 -
::1 - - [13/Mar/2023:17:25:38 +0300] "GET /index.html HTTP/1.1" 304 -
::1 - - [13/Mar/2023:17:26:24 +0300] "GET /index.html HTTP/1.1" 304 -
::1 - - [13/Mar/2023:17:27:11 +0300] "GET /index.html HTTP/1.1" 304 -
::1 - - [13/Mar/2023:17:27:12 +0300] "GET /index.html HTTP/1.1" 304 -
::1 - - [13/Mar/2023:17:27:15 +0300] "GET /index.html HTTP/1.1" 304 -
::1 - - [13/Mar/2023:17:28:11 +0300] "-" 408 -
::1 - - [13/Mar/2023:17:28:57 +0300] "GET /index.html HTTP/1.1" 304 -
::1 - - [13/Mar/2023:17:29:57 +0300] "-" 408 -
::1 - - [13/Mar/2023:17:44:21 +0300] "GET /index.html HTTP/1.1" 304 -
::1 - - [13/Mar/2023:17:45:21 +0300] "-" 408 -
::1 - - [13/Mar/2023:17:46:35 +0300] "GET /index.html HTTP/1.1" 304 -
::1 - - [13/Mar/2023:17:47:35 +0300] "-" 408 -
::1 - - [13/Mar/2023:17:49:48 +0300] "-" 408 -
::1 - - [13/Mar/2023:17:49:48 +0300] "-" 408 -
::1 - - [13/Mar/2023:18:14:46 +0300] "GET /index.html HTTP/1.1" 304 -
::1 - - [14/Mar/2023:01:48:07 +0300] "GET /index.html HTTP/1.1" 200 1100
::1 - - [14/Mar/2023:01:48:07 +0300] "GET /components/Header/Header.js HTTP/1.1" 200 546
::1 - - [14/Mar/2023:01:48:07 +0300] "GET /css/index.css HTTP/1.1" 200 911
::1 - - [14/Mar/2023:01:48:07 +0300] "GET /components/Header/Header.css HTTP/1.1" 304 -
::1 - - [14/Mar/2023:01:48:07 +0300] "GET /components/Products/Products.js HTTP/1.1" 304 -
::1 - - [14/Mar/2023:01:48:07 +0300] "GET /components/Products/Products.css HTTP/1.1" 304 -
::1 - - [14/Mar/2023:02:06:04 +0300] "GET /index.html HTTP/1.1" 304 -
::1 - - [14/Mar/2023:02:06:05 +0300] "GET /Utils/localStorageUtils.js HTTP/1.1" 304 -
::1 - - [14/Mar/2023:02:07:04 +0300] "-" 408 -
::1 - - [14/Mar/2023:02:13:39 +0300] "GET /index.html HTTP/1.1" 304 -
::1 - - [14/Mar/2023:02:14:39 +0300] "-" 408 -
::1 - - [14/Mar/2023:02:16:30 +0300] "GET /index.html HTTP/1.1" 304 -
::1 - - [14/Mar/2023:02:19:23 +0300] "GET /index.html HTTP/1.1" 304 -
::1 - - [14/Mar/2023:02:20:23 +0300] "-" 408 -
::1 - - [14/Mar/2023:02:20:46 +0300] "GET /index.html HTTP/1.1" 304 -
::1 - - [14/Mar/2023:02:21:46 +0300] "-" 408 -
::1 - - [14/Mar/2023:02:23:16 +0300] "GET /index.html HTTP/1.1" 304 -
::1 - - [14/Mar/2023:02:24:16 +0300] "-" 408 -
::1 - - [14/Mar/2023:02:41:18 +0300] "GET /index.html HTTP/1.1" 200 1144
::1 - - [14/Mar/2023:02:41:20 +0300] "GET /index.js HTTP/1.1" 200 203
::1 - - [14/Mar/2023:02:41:20 +0300] "GET /css/index.css HTTP/1.1" 304 -
::1 - - [14/Mar/2023:02:41:20 +0300] "GET /constants/catalog.js HTTP/1.1" 304 -
::1 - - [14/Mar/2023:02:41:20 +0300] "GET /constants/root.js HTTP/1.1" 304 -
::1 - - [14/Mar/2023:02:41:20 +0300] "GET /components/Header/Header.js HTTP/1.1" 200 552
::1 - - [14/Mar/2023:02:47:27 +0300] "GET /index.html HTTP/1.1" 200 1135
::1 - - [14/Mar/2023:02:47:27 +0300] "GET /components/ShoppingCart/ShoppingCart.js HTTP/1.1" 200 1310
::1 - - [14/Mar/2023:02:47:27 +0300] "GET /components/ShoppingCart/ShoppingCart.css HTTP/1.1" 200 766
::1 - - [14/Mar/2023:02:47:27 +0300] "GET /index.js HTTP/1.1" 304 -
::1 - - [14/Mar/2023:02:47:27 +0300] "GET /components/Header/Header.js HTTP/1.1" 200 552
::1 - - [14/Mar/2023:02:48:06 +0300] "GET /index.html HTTP/1.1" 304 -
::1 - - [14/Mar/2023:02:48:06 +0300] "GET /components/Header/Header.js HTTP/1.1" 200 548
::1 - - [14/Mar/2023:02:48:06 +0300] "GET /index.js HTTP/1.1" 304 -
::1 - - [14/Mar/2023:02:48:06 +0300] "GET /components/ShoppingCart/ShoppingCart.js HTTP/1.1" 200 1310
::1 - - [14/Mar/2023:02:48:41 +0300] "GET /index.html HTTP/1.1" 304 -
::1 - - [14/Mar/2023:02:48:41 +0300] "GET /components/Header/Header.js HTTP/1.1" 304 -
::1 - - [14/Mar/2023:02:48:41 +0300] "GET /components/ShoppingCart/ShoppingCart.js HTTP/1.1" 200 1310
::1 - - [14/Mar/2023:02:48:58 +0300] "GET /index.html HTTP/1.1" 304 -
::1 - - [14/Mar/2023:02:48:59 +0300] "GET /components/Header/Header.js HTTP/1.1" 304 -
::1 - - [14/Mar/2023:02:48:59 +0300] "GET /components/ShoppingCart/ShoppingCart.js HTTP/1.1" 304 -
::1 - - [14/Mar/2023:02:48:59 +0300] "GET /index.js HTTP/1.1" 200 -
::1 - - [14/Mar/2023:02:49:00 +0300] "GET /img/syteIcon.png HTTP/1.1" 304 -
::1 - - [14/Mar/2023:02:59:00 +0300] "GET /index.html HTTP/1.1" 304 -
::1 - - [14/Mar/2023:02:59:00 +0300] "GET /components/Header/Header.js HTTP/1.1" 304 -
::1 - - [14/Mar/2023:02:59:00 +0300] "GET /index.js HTTP/1.1" 304 -
::1 - - [14/Mar/2023:02:59:00 +0300] "GET /components/ShoppingCart/ShoppingCart.js HTTP/1.1" 200 1309
::1 - - [14/Mar/2023:03:06:27 +0300] "GET /index.html HTTP/1.1" 304 -
::1 - - [14/Mar/2023:03:06:27 +0300] "GET /components/Header/Header.js HTTP/1.1" 304 -
::1 - - [14/Mar/2023:03:06:27 +0300] "GET /components/ShoppingCart/ShoppingCart.js HTTP/1.1" 200 1307
::1 - - [14/Mar/2023:03:06:27 +0300] "GET /index.js HTTP/1.1" 304 -
::1 - - [14/Mar/2023:03:09:08 +0300] "GET /index.html HTTP/1.1" 304 -
::1 - - [14/Mar/2023:03:09:08 +0300] "GET /components/Header/Header.js HTTP/1.1" 304 -
::1 - - [14/Mar/2023:03:09:08 +0300] "GET /index.js HTTP/1.1" 304 -
::1 - - [14/Mar/2023:03:09:08 +0300] "GET /components/ShoppingCart/ShoppingCart.js HTTP/1.1" 200 1354
::1 - - [14/Mar/2023:03:13:03 +0300] "GET /index.html HTTP/1.1" 200 1135
::1 - - [14/Mar/2023:03:13:03 +0300] "GET /components/Header/Header.js HTTP/1.1" 304 -
::1 - - [14/Mar/2023:03:13:03 +0300] "GET /components/ShoppingCart/ShoppingCart.js HTTP/1.1" 304 -
::1 - - [14/Mar/2023:03:13:03 +0300] "GET /index.js HTTP/1.1" 304 -
::1 - - [14/Mar/2023:03:15:31 +0300] "GET /index.html HTTP/1.1" 304 -
::1 - - [14/Mar/2023:03:15:31 +0300] "GET /components/ShoppingCart/ShoppingCart.js HTTP/1.1" 304 -
::1 - - [14/Mar/2023:03:15:31 +0300] "GET /index.js HTTP/1.1" 304 -
::1 - - [14/Mar/2023:03:25:39 +0300] "GET /index.html HTTP/1.1" 304 -
::1 - - [14/Mar/2023:03:25:39 +0300] "GET /components/Header/Header.js HTTP/1.1" 200 548
::1 - - [14/Mar/2023:03:25:39 +0300] "GET /components/ShoppingCart/ShoppingCart.js HTTP/1.1" 200 1307
::1 - - [14/Mar/2023:03:25:39 +0300] "GET /index.js HTTP/1.1" 304 -
::1 - - [14/Mar/2023:03:26:39 +0300] "GET /index.html HTTP/1.1" 304 -
::1 - - [14/Mar/2023:03:26:40 +0300] "GET /components/Header/Header.js HTTP/1.1" 304 -
::1 - - [14/Mar/2023:03:26:40 +0300] "GET /components/ShoppingCart/ShoppingCart.js HTTP/1.1" 304 -
::1 - - [14/Mar/2023:03:27:11 +0300] "GET /index.html HTTP/1.1" 200 1135
::1 - - [14/Mar/2023:03:27:11 +0300] "GET /components/Header/Header.js HTTP/1.1" 304 -
::1 - - [14/Mar/2023:03:28:11 +0300] "-" 408 -
::1 - - [14/Mar/2023:03:28:13 +0300] "GET /index.html HTTP/1.1" 304 -
::1 - - [14/Mar/2023:03:28:14 +0300] "GET /components/Header/Header.js HTTP/1.1" 304 -
::1 - - [14/Mar/2023:03:28:14 +0300] "GET /components/ShoppingCart/ShoppingCart.js HTTP/1.1" 304 -
::1 - - [14/Mar/2023:03:28:32 +0300] "GET /index.html HTTP/1.1" 304 -
::1 - - [14/Mar/2023:03:28:32 +0300] "GET /components/Header/Header.js HTTP/1.1" 304 -
::1 - - [14/Mar/2023:03:29:32 +0300] "-" 408 -
::1 - - [14/Mar/2023:03:29:37 +0300] "GET /index.html HTTP/1.1" 304 -
::1 - - [14/Mar/2023:03:29:37 +0300] "GET /components/Header/Header.js HTTP/1.1" 304 -
::1 - - [14/Mar/2023:03:29:37 +0300] "GET /components/ShoppingCart/ShoppingCart.js HTTP/1.1" 304 -
::1 - - [14/Mar/2023:03:29:37 +0300] "GET /index.js HTTP/1.1" 304 -
::1 - - [14/Mar/2023:03:30:29 +0300] "GET /index.html HTTP/1.1" 200 1136
::1 - - [14/Mar/2023:03:30:29 +0300] "GET /components/Header/Header.js HTTP/1.1" 304 -
::1 - - [14/Mar/2023:03:31:29 +0300] "-" 408 -
::1 - - [14/Mar/2023:03:33:49 +0300] "GET /index.html HTTP/1.1" 304 -
::1 - - [14/Mar/2023:03:33:49 +0300] "GET /components/Header/Header.js HTTP/1.1" 200 533
::1 - - [14/Mar/2023:03:33:49 +0300] "GET /index.js HTTP/1.1" 304 -
::1 - - [14/Mar/2023:03:33:49 +0300] "GET /css/index.css HTTP/1.1" 304 -
::1 - - [14/Mar/2023:03:33:50 +0300] "GET /components/ShoppingCart/ShoppingCart.js HTTP/1.1" 304 -
::1 - - [14/Mar/2023:03:38:48 +0300] "GET /index.html HTTP/1.1" 200 1131
::1 - - [14/Mar/2023:03:38:48 +0300] "GET /components/Header/Header.js HTTP/1.1" 304 -
::1 - - [14/Mar/2023:03:38:49 +0300] "GET /components/ShoppingCart/ShoppingCart.js HTTP/1.1" 304 -
::1 - - [14/Mar/2023:03:38:49 +0300] "GET /index.js HTTP/1.1" 304 -
::1 - - [14/Mar/2023:03:39:07 +0300] "GET /index.html HTTP/1.1" 304 -
::1 - - [14/Mar/2023:03:40:28 +0300] "GET /components/Header/Header.js HTTP/1.1" 304 -
::1 - - [14/Mar/2023:03:40:28 +0300] "GET /components/ShoppingCart/ShoppingCart.css HTTP/1.1" 304 -
::1 - - [14/Mar/2023:03:40:43 +0300] "GET /index.html HTTP/1.1" 304 -
::1 - - [14/Mar/2023:03:41:06 +0300] "GET /index.html HTTP/1.1" 304 -
::1 - - [14/Mar/2023:03:41:06 +0300] "GET /components/ShoppingCart/ShoppingCart.js HTTP/1.1" 304 -
::1 - - [14/Mar/2023:03:42:06 +0300] "-" 408 -
::1 - - [14/Mar/2023:03:42:36 +0300] "GET /index.html HTTP/1.1" 304 -
::1 - - [14/Mar/2023:03:42:36 +0300] "GET /components/Header/Header.js HTTP/1.1" 304 -
::1 - - [14/Mar/2023:03:43:36 +0300] "-" 408 -
::1 - - [14/Mar/2023:03:44:00 +0300] "GET /index.html HTTP/1.1" 200 1090
::1 - - [14/Mar/2023:03:44:00 +0300] "GET /components/Header/Header.js HTTP/1.1" 304 -
::1 - - [14/Mar/2023:03:44:00 +0300] "GET /components/ShoppingCart/ShoppingCart.js HTTP/1.1" 304 -
::1 - - [14/Mar/2023:03:44:00 +0300] "GET /index.js HTTP/1.1" 304 -
::1 - - [14/Mar/2023:03:44:28 +0300] "GET /index.html HTTP/1.1" 200 1131
::1 - - [14/Mar/2023:03:45:28 +0300] "-" 408 -
::1 - - [14/Mar/2023:03:45:35 +0300] "GET /index.html HTTP/1.1" 304 -
::1 - - [14/Mar/2023:03:45:36 +0300] "GET /components/Header/Header.js HTTP/1.1" 304 -
::1 - - [14/Mar/2023:03:45:45 +0300] "GET /index.html HTTP/1.1" 304 -
::1 - - [14/Mar/2023:03:46:45 +0300] "-" 408 -
::1 - - [14/Mar/2023:03:47:23 +0300] "GET /favicon.ico HTTP/1.1" 404 196
::1 - - [14/Mar/2023:03:47:23 +0300] "GET /index.html HTTP/1.1" 200 1131
::1 - - [14/Mar/2023:03:48:14 +0300] "GET /css/index.css HTTP/1.1" 200 911
::1 - - [14/Mar/2023:03:48:14 +0300] "GET /constants/catalog.js HTTP/1.1" 200 658
::1 - - [14/Mar/2023:03:48:14 +0300] "GET /Utils/localStorageUtils.js HTTP/1.1" 200 824
::1 - - [14/Mar/2023:03:48:14 +0300] "GET /components/Header/Header.js HTTP/1.1" 200 533
::1 - - [14/Mar/2023:03:48:14 +0300] "GET /components/ShoppingCart/ShoppingCart.css HTTP/1.1" 200 766
::1 - - [14/Mar/2023:03:48:14 +0300] "GET /components/Products/Products.css HTTP/1.1" 200 1196
::1 - - [14/Mar/2023:03:48:14 +0300] "GET /components/Products/Products.js HTTP/1.1" 200 2039
::1 - - [14/Mar/2023:03:48:14 +0300] "GET /components/Header/Header.css HTTP/1.1" 200 273
::1 - - [14/Mar/2023:03:48:14 +0300] "GET /constants/root.js HTTP/1.1" 200 178
::1 - - [14/Mar/2023:03:48:15 +0300] "GET /components/ShoppingCart/ShoppingCart.js HTTP/1.1" 200 1307
::1 - - [14/Mar/2023:03:48:15 +0300] "GET /index.js HTTP/1.1" 200 -
::1 - - [14/Mar/2023:03:48:17 +0300] "GET /img/syteIcon.png HTTP/1.1" 200 4337
::1 - - [14/Mar/2023:03:48:36 +0300] "GET /components/ShoppingCart/img/close.png HTTP/1.1" 404 196
::1 - - [14/Mar/2023:03:52:07 +0300] "GET /index.html HTTP/1.1" 304 -
::1 - - [14/Mar/2023:03:52:07 +0300] "GET /constants/root.js HTTP/1.1" 304 -
::1 - - [14/Mar/2023:03:52:07 +0300] "GET /components/Header/Header.js HTTP/1.1" 200 548
::1 - - [14/Mar/2023:03:52:07 +0300] "GET /components/ShoppingCart/ShoppingCart.js HTTP/1.1" 200 1306
::1 - - [14/Mar/2023:03:52:22 +0300] "GET /components/ShoppingCart/img/close.png HTTP/1.1" 404 196
::1 - - [14/Mar/2023:03:56:45 +0300] "GET /index.html HTTP/1.1" 304 -
::1 - - [14/Mar/2023:03:56:45 +0300] "GET /constants/root.js HTTP/1.1" 304 -
::1 - - [14/Mar/2023:03:56:45 +0300] "GET /components/Header/Header.js HTTP/1.1" 304 -
::1 - - [14/Mar/2023:03:56:45 +0300] "GET /components/ShoppingCart/ShoppingCart.js HTTP/1.1" 304 -
::1 - - [14/Mar/2023:03:56:45 +0300] "GET /components/Products/Products.js HTTP/1.1" 304 -
::1 - - [14/Mar/2023:03:56:45 +0300] "GET /index.js HTTP/1.1" 304 -
::1 - - [14/Mar/2023:03:56:47 +0300] "GET /components/ShoppingCart/img/close.png HTTP/1.1" 404 196
::1 - - [14/Mar/2023:03:58:53 +0300] "GET /index.html HTTP/1.1" 304 -
::1 - - [14/Mar/2023:03:58:53 +0300] "GET /constants/root.js HTTP/1.1" 304 -
::1 - - [14/Mar/2023:03:58:53 +0300] "GET /components/Header/Header.js HTTP/1.1" 304 -
::1 - - [14/Mar/2023:03:58:53 +0300] "GET /components/ShoppingCart/ShoppingCart.js HTTP/1.1" 304 -
::1 - - [14/Mar/2023:03:58:55 +0300] "GET /components/ShoppingCart/img/close.png HTTP/1.1" 404 196
::1 - - [14/Mar/2023:04:00:09 +0300] "GET /index.html HTTP/1.1" 304 -
::1 - - [14/Mar/2023:04:00:09 +0300] "GET /components/Header/Header.js HTTP/1.1" 304 -
::1 - - [14/Mar/2023:04:00:09 +0300] "GET /components/ShoppingCart/ShoppingCart.js HTTP/1.1" 304 -
::1 - - [14/Mar/2023:04:00:12 +0300] "GET /components/ShoppingCart/img/close.png HTTP/1.1" 404 196
::1 - - [14/Mar/2023:04:00:59 +0300] "GET /index.html HTTP/1.1" 304 -
::1 - - [14/Mar/2023:04:01:00 +0300] "GET /constants/root.js HTTP/1.1" 304 -
::1 - - [14/Mar/2023:04:01:02 +0300] "GET /components/ShoppingCart/img/close.png HTTP/1.1" 404 196
::1 - - [14/Mar/2023:04:01:59 +0300] "-" 408 -
::1 - - [14/Mar/2023:04:06:03 +0300] "GET /index.html HTTP/1.1" 304 -
::1 - - [14/Mar/2023:04:06:04 +0300] "GET /constants/root.js HTTP/1.1" 304 -
::1 - - [14/Mar/2023:04:06:04 +0300] "GET /components/Header/Header.js HTTP/1.1" 304 -
::1 - - [14/Mar/2023:04:06:04 +0300] "GET /components/Products/Products.js HTTP/1.1" 304 -
::1 - - [14/Mar/2023:04:06:04 +0300] "GET /index.js HTTP/1.1" 304 -
::1 - - [14/Mar/2023:04:06:04 +0300] "GET /components/ShoppingCart/ShoppingCart.js HTTP/1.1" 200 1330
::1 - - [14/Mar/2023:04:06:06 +0300] "GET /components/ShoppingCart/img/close.png HTTP/1.1" 404 196
::1 - - [14/Mar/2023:04:09:07 +0300] "GET /index.html HTTP/1.1" 304 -
::1 - - [14/Mar/2023:04:09:07 +0300] "GET /constants/root.js HTTP/1.1" 304 -
::1 - - [14/Mar/2023:04:09:07 +0300] "GET /components/Header/Header.js HTTP/1.1" 304 -
::1 - - [14/Mar/2023:04:09:07 +0300] "GET /components/ShoppingCart/ShoppingCart.js HTTP/1.1" 200 1306
::1 - - [14/Mar/2023:04:09:12 +0300] "GET /components/ShoppingCart/img/close.png HTTP/1.1" 404 196
::1 - - [14/Mar/2023:15:57:33 +0300] "GET /index.html HTTP/1.1" 304 -
::1 - - [14/Mar/2023:15:57:55 +0300] "GET /css/index.css HTTP/1.1" 304 -
::1 - - [14/Mar/2023:15:57:55 +0300] "GET /components/Header/Header.js HTTP/1.1" 200 548
::1 - - [14/Mar/2023:15:57:55 +0300] "GET /components/Products/Products.css HTTP/1.1" 304 -
::1 - - [14/Mar/2023:15:57:55 +0300] "GET /constants/catalog.js HTTP/1.1" 304 -
::1 - - [14/Mar/2023:15:57:55 +0300] "GET /Utils/localStorageUtils.js HTTP/1.1" 304 -
::1 - - [14/Mar/2023:15:57:55 +0300] "GET /components/ShoppingCart/ShoppingCart.css HTTP/1.1" 200 781
::1 - - [14/Mar/2023:15:57:55 +0300] "GET /constants/root.js HTTP/1.1" 200 178
::1 - - [14/Mar/2023:15:57:55 +0300] "GET /index.js HTTP/1.1" 304 -
::1 - - [14/Mar/2023:15:57:55 +0300] "GET /components/Header/Header.css HTTP/1.1" 304 -
::1 - - [14/Mar/2023:15:57:55 +0300] "GET /components/ShoppingCart/ShoppingCart.js HTTP/1.1" 200 1306
::1 - - [14/Mar/2023:15:57:56 +0300] "GET /components/Products/Products.js HTTP/1.1" 200 2039
::1 - - [14/Mar/2023:15:58:02 +0300] "GET /img/icons8-close.svg HTTP/1.1" 200 311
::1 - - [14/Mar/2023:16:00:59 +0300] "GET /css/index.css HTTP/1.1" 304 -
::1 - - [14/Mar/2023:16:00:59 +0300] "GET /constants/catalog.js HTTP/1.1" 304 -
::1 - - [14/Mar/2023:16:00:59 +0300] "GET /constants/root.js HTTP/1.1" 304 -
::1 - - [14/Mar/2023:16:00:59 +0300] "GET /components/Header/Header.css HTTP/1.1" 304 -
::1 - - [14/Mar/2023:16:01:00 +0300] "GET /components/Products/Products.css HTTP/1.1" 304 -
::1 - - [14/Mar/2023:16:01:00 +0300] "GET /components/ShoppingCart/ShoppingCart.css HTTP/1.1" 200 781
::1 - - [14/Mar/2023:16:01:00 +0300] "GET /Utils/localStorageUtils.js HTTP/1.1" 304 -
::1 - - [14/Mar/2023:16:01:00 +0300] "GET /components/Products/Products.js HTTP/1.1" 304 -
::1 - - [14/Mar/2023:16:01:00 +0300] "GET /components/ShoppingCart/ShoppingCart.js HTTP/1.1" 304 -
::1 - - [14/Mar/2023:16:01:00 +0300] "GET /index.js HTTP/1.1" 304 -
::1 - - [14/Mar/2023:16:01:00 +0300] "GET /components/Header/Header.js HTTP/1.1" 304 -
::1 - - [14/Mar/2023:16:01:07 +0300] "GET /img/icons8-close.svg HTTP/1.1" 200 311
::1 - - [14/Mar/2023:16:09:52 +0300] "GET /index.html HTTP/1.1" 304 -
::1 - - [14/Mar/2023:16:09:53 +0300] "GET /img/syteIcon.png HTTP/1.1" 304 -
::1 - - [14/Mar/2023:16:10:31 +0300] "GET /index.html HTTP/1.1" 304 -
::1 - - [14/Mar/2023:16:11:31 +0300] "GET /index.html HTTP/1.1" 304 -
::1 - - [14/Mar/2023:16:11:54 +0300] "GET /index.html HTTP/1.1" 304 -
::1 - - [14/Mar/2023:16:11:58 +0300] "GET /img/syteIcon.png HTTP/1.1" 304 -
::1 - - [14/Mar/2023:16:12:12 +0300] "GET /index.html HTTP/1.1" 304 -
::1 - - [14/Mar/2023:16:13:02 +0300] "GET /index.html HTTP/1.1" 304 -
::1 - - [14/Mar/2023:16:14:01 +0300] "GET /index.html HTTP/1.1" 304 -
::1 - - [14/Mar/2023:16:14:12 +0300] "GET /index.html HTTP/1.1" 304 -
::1 - - [14/Mar/2023:16:14:44 +0300] "GET /index.html HTTP/1.1" 304 -
::1 - - [14/Mar/2023:16:20:12 +0300] "GET //.vscode/launch.json HTTP/1.1" 200 661
::1 - - [14/Mar/2023:16:20:13 +0300] "GET /favicon.ico HTTP/1.1" 404 196
